19:16:32.424 INFO [main] org.lenskit.cli.Main: Starting LensKit 3.0-M2 on Java 1.8.0_111 from Oracle Corporation
19:16:32.474 DEBUG [main] org.lenskit.LenskitInfo: have 5655 active revisions
19:16:32.487 DEBUG [main] org.lenskit.cli.Main: Built from Git revision 0c68ad209f38816e66497a656f777a3c1484778d
19:16:32.488 DEBUG [main] org.lenskit.cli.Main: Using VM 'Java HotSpot(TM) 64-Bit Server VM' version 25.111-b14 from Oracle Corporation
19:16:32.488 INFO [main] org.lenskit.cli.Main: Have 4 processors and heap limit of 1820 MiB
19:16:32.509 INFO [main] org.lenskit.cli.util.RecommenderLoader: creating fresh recommender
19:16:32.943 INFO [main] org.lenskit.config.ConfigurationLoader: loading script from file:/Users/sanzhar/Desktop/MachineLearning/RecommenderSystems_Coursera/svd-assignment/etc/svd.groovy
19:16:33.306 INFO [main] org.lenskit.config.ConfigurationLoader: loading script from file:/Users/sanzhar/Desktop/MachineLearning/RecommenderSystems_Coursera/svd-assignment/etc/user-item-bias.groovy
19:16:33.512 DEBUG [main] org.lenskit.data.dao.file.TextEntitySource: loading source ratings with base URI file:/Users/sanzhar/Desktop/MachineLearning/RecommenderSystems_Coursera/svd-assignment/data/movielens.yml
19:16:33.512 DEBUG [main] org.lenskit.data.dao.file.TextEntitySource: resolved file URI: file:/Users/sanzhar/Desktop/MachineLearning/RecommenderSystems_Coursera/svd-assignment/data/ratings.csv
19:16:33.521 INFO [main] org.lenskit.data.dao.file.TextEntitySource: loading text file source ratings to read from file:/Users/sanzhar/Desktop/MachineLearning/RecommenderSystems_Coursera/svd-assignment/data/ratings.csv
19:16:33.526 DEBUG [main] org.lenskit.data.dao.file.TextEntitySource: ratings: using delimiter ,
19:16:33.526 DEBUG [main] org.lenskit.data.dao.file.TextEntitySource: ratings: reading header
19:16:33.526 DEBUG [main] org.lenskit.data.dao.file.TextEntitySource: ratings: reading entities of type EntityType[rating]
19:16:33.578 DEBUG [main] org.lenskit.data.dao.file.TextEntitySource: class org.lenskit.data.ratings.RatingBuilder: using entity builder {}
19:16:33.579 DEBUG [main] org.lenskit.data.dao.file.TextEntitySource: loading source movies with base URI file:/Users/sanzhar/Desktop/MachineLearning/RecommenderSystems_Coursera/svd-assignment/data/movielens.yml
19:16:33.579 DEBUG [main] org.lenskit.data.dao.file.TextEntitySource: resolved file URI: file:/Users/sanzhar/Desktop/MachineLearning/RecommenderSystems_Coursera/svd-assignment/data/movies.csv
19:16:33.579 INFO [main] org.lenskit.data.dao.file.TextEntitySource: loading text file source movies to read from file:/Users/sanzhar/Desktop/MachineLearning/RecommenderSystems_Coursera/svd-assignment/data/movies.csv
19:16:33.579 DEBUG [main] org.lenskit.data.dao.file.TextEntitySource: movies: using delimiter ,
19:16:33.579 DEBUG [main] org.lenskit.data.dao.file.TextEntitySource: movies: reading header
19:16:33.579 DEBUG [main] org.lenskit.data.dao.file.TextEntitySource: movies: reading entities of type EntityType[item]
19:16:33.580 DEBUG [main] org.lenskit.data.dao.file.TextEntitySource: class org.lenskit.data.entities.BasicEntityBuilder: using entity builder {}
19:16:33.580 DEBUG [main] org.lenskit.data.dao.file.TextEntitySource: loading source tags with base URI file:/Users/sanzhar/Desktop/MachineLearning/RecommenderSystems_Coursera/svd-assignment/data/movielens.yml
19:16:33.580 DEBUG [main] org.lenskit.data.dao.file.TextEntitySource: resolved file URI: file:/Users/sanzhar/Desktop/MachineLearning/RecommenderSystems_Coursera/svd-assignment/data/tags.csv
19:16:33.580 INFO [main] org.lenskit.data.dao.file.TextEntitySource: loading text file source tags to read from file:/Users/sanzhar/Desktop/MachineLearning/RecommenderSystems_Coursera/svd-assignment/data/tags.csv
19:16:33.580 DEBUG [main] org.lenskit.data.dao.file.TextEntitySource: tags: using delimiter ,
19:16:33.580 DEBUG [main] org.lenskit.data.dao.file.TextEntitySource: tags: reading header
19:16:33.580 DEBUG [main] org.lenskit.data.dao.file.TextEntitySource: tags: reading entities of type EntityType[item-tag]
19:16:33.580 DEBUG [main] org.lenskit.data.dao.file.TextEntitySource: class org.lenskit.data.entities.BasicEntityBuilder: using entity builder {}
19:16:33.587 DEBUG [main] org.lenskit.LenskitRecommenderEngineBuilder: building graph from 4 configurations
19:16:33.713 DEBUG [main] org.lenskit.inject.RecommenderInstantiator: replacing nodes in graph with 17 nodes
19:16:33.719 DEBUG [main] org.lenskit.inject.RecommenderInstantiator: found 7 shared nodes
19:16:37.388 INFO [main] org.lenskit.data.dao.file.StaticDataSource: deriving entity type EntityType[user] from EntityType[rating] (column TypedName[user: long])
19:16:37.533 INFO [main] org.lenskit.data.dao.file.StaticDataSource: deriving entity type EntityType[item] from EntityType[rating] (column TypedName[item: long])
19:16:37.672 DEBUG [main] org.lenskit.data.entities.EntityCollectionBuilder: built collection of 2500 entities with type EntityType[item] and 2 indexes
19:16:37.718 DEBUG [main] org.lenskit.data.entities.EntityCollectionBuilder: built collection of 264505 entities with type EntityType[rating] and 2 indexes
19:16:37.741 DEBUG [main] org.lenskit.data.entities.EntityCollectionBuilder: built collection of 94875 entities with type EntityType[item-tag] and 2 indexes
19:16:37.744 DEBUG [main] org.lenskit.data.entities.EntityCollectionBuilder: built collection of 862 entities with type EntityType[user] and 2 indexes
19:16:37.882 INFO [main] org.lenskit.data.ratings.RatingSummaryProvider: summarized 2500 items with 264505 ratings
19:16:38.221 INFO [main] org.lenskit.mooc.svd.SVDModelBuilder: creating 862 by 2500 rating matrix
19:16:38.347 INFO [main] org.lenskit.mooc.svd.SVDModelBuilder: factorizing matrix
19:17:45.799 INFO [main] org.lenskit.mooc.svd.SVDModelBuilder: decomposed matrix has rank 862
19:17:45.803 INFO [main] org.lenskit.mooc.svd.SVDModelBuilder: truncating matrix to 25 features
19:17:45.804 DEBUG [main] org.lenskit.inject.RecommenderInstantiator: final graph has 16 nodes
19:17:45.806 INFO [main] org.lenskit.cli.util.RecommenderLoader: built recommender in 1.204 min
19:17:45.812 INFO [main] org.lenskit.cli.commands.Predict: predicting 4 items
19:17:45.819 INFO [main] org.lenskit.cli.commands.Predict: predicted for 4 items in 6.805 ms
19:17:45.819 INFO [main] org.lenskit.cli.Main: If you use LensKit in published research, please see http://lenskit.org/research/
