19:18:03.266 INFO [main] org.lenskit.cli.Main: Starting LensKit 3.0-M2 on Java 1.8.0_111 from Oracle Corporation
19:18:03.295 DEBUG [main] org.lenskit.LenskitInfo: have 5655 active revisions
19:18:03.302 DEBUG [main] org.lenskit.cli.Main: Built from Git revision 0c68ad209f38816e66497a656f777a3c1484778d
19:18:03.303 DEBUG [main] org.lenskit.cli.Main: Using VM 'Java HotSpot(TM) 64-Bit Server VM' version 25.111-b14 from Oracle Corporation
19:18:03.303 INFO [main] org.lenskit.cli.Main: Have 4 processors and heap limit of 1820 MiB
19:18:03.323 INFO [main] org.lenskit.cli.util.RecommenderLoader: creating fresh recommender
19:18:03.613 INFO [main] org.lenskit.config.ConfigurationLoader: loading script from file:/Users/sanzhar/Desktop/MachineLearning/RecommenderSystems_Coursera/svd-assignment/etc/svd.groovy
19:18:03.959 INFO [main] org.lenskit.config.ConfigurationLoader: loading script from file:/Users/sanzhar/Desktop/MachineLearning/RecommenderSystems_Coursera/svd-assignment/etc/item-bias.groovy
19:18:04.158 DEBUG [main] org.lenskit.data.dao.file.TextEntitySource: loading source ratings with base URI file:/Users/sanzhar/Desktop/MachineLearning/RecommenderSystems_Coursera/svd-assignment/data/movielens.yml
19:18:04.158 DEBUG [main] org.lenskit.data.dao.file.TextEntitySource: resolved file URI: file:/Users/sanzhar/Desktop/MachineLearning/RecommenderSystems_Coursera/svd-assignment/data/ratings.csv
19:18:04.167 INFO [main] org.lenskit.data.dao.file.TextEntitySource: loading text file source ratings to read from file:/Users/sanzhar/Desktop/MachineLearning/RecommenderSystems_Coursera/svd-assignment/data/ratings.csv
19:18:04.173 DEBUG [main] org.lenskit.data.dao.file.TextEntitySource: ratings: using delimiter ,
19:18:04.173 DEBUG [main] org.lenskit.data.dao.file.TextEntitySource: ratings: reading header
19:18:04.173 DEBUG [main] org.lenskit.data.dao.file.TextEntitySource: ratings: reading entities of type EntityType[rating]
19:18:04.217 DEBUG [main] org.lenskit.data.dao.file.TextEntitySource: class org.lenskit.data.ratings.RatingBuilder: using entity builder {}
19:18:04.217 DEBUG [main] org.lenskit.data.dao.file.TextEntitySource: loading source movies with base URI file:/Users/sanzhar/Desktop/MachineLearning/RecommenderSystems_Coursera/svd-assignment/data/movielens.yml
19:18:04.217 DEBUG [main] org.lenskit.data.dao.file.TextEntitySource: resolved file URI: file:/Users/sanzhar/Desktop/MachineLearning/RecommenderSystems_Coursera/svd-assignment/data/movies.csv
19:18:04.217 INFO [main] org.lenskit.data.dao.file.TextEntitySource: loading text file source movies to read from file:/Users/sanzhar/Desktop/MachineLearning/RecommenderSystems_Coursera/svd-assignment/data/movies.csv
19:18:04.218 DEBUG [main] org.lenskit.data.dao.file.TextEntitySource: movies: using delimiter ,
19:18:04.218 DEBUG [main] org.lenskit.data.dao.file.TextEntitySource: movies: reading header
19:18:04.219 DEBUG [main] org.lenskit.data.dao.file.TextEntitySource: movies: reading entities of type EntityType[item]
19:18:04.220 DEBUG [main] org.lenskit.data.dao.file.TextEntitySource: class org.lenskit.data.entities.BasicEntityBuilder: using entity builder {}
19:18:04.220 DEBUG [main] org.lenskit.data.dao.file.TextEntitySource: loading source tags with base URI file:/Users/sanzhar/Desktop/MachineLearning/RecommenderSystems_Coursera/svd-assignment/data/movielens.yml
19:18:04.220 DEBUG [main] org.lenskit.data.dao.file.TextEntitySource: resolved file URI: file:/Users/sanzhar/Desktop/MachineLearning/RecommenderSystems_Coursera/svd-assignment/data/tags.csv
19:18:04.220 INFO [main] org.lenskit.data.dao.file.TextEntitySource: loading text file source tags to read from file:/Users/sanzhar/Desktop/MachineLearning/RecommenderSystems_Coursera/svd-assignment/data/tags.csv
19:18:04.220 DEBUG [main] org.lenskit.data.dao.file.TextEntitySource: tags: using delimiter ,
19:18:04.220 DEBUG [main] org.lenskit.data.dao.file.TextEntitySource: tags: reading header
19:18:04.220 DEBUG [main] org.lenskit.data.dao.file.TextEntitySource: tags: reading entities of type EntityType[item-tag]
19:18:04.220 DEBUG [main] org.lenskit.data.dao.file.TextEntitySource: class org.lenskit.data.entities.BasicEntityBuilder: using entity builder {}
19:18:04.226 DEBUG [main] org.lenskit.LenskitRecommenderEngineBuilder: building graph from 4 configurations
19:18:04.317 DEBUG [main] org.lenskit.inject.RecommenderInstantiator: replacing nodes in graph with 16 nodes
19:18:04.323 DEBUG [main] org.lenskit.inject.RecommenderInstantiator: found 7 shared nodes
19:18:07.834 INFO [main] org.lenskit.data.dao.file.StaticDataSource: deriving entity type EntityType[user] from EntityType[rating] (column TypedName[user: long])
19:18:07.981 INFO [main] org.lenskit.data.dao.file.StaticDataSource: deriving entity type EntityType[item] from EntityType[rating] (column TypedName[item: long])
19:18:08.044 DEBUG [main] org.lenskit.data.entities.EntityCollectionBuilder: built collection of 2500 entities with type EntityType[item] and 2 indexes
19:18:08.086 DEBUG [main] org.lenskit.data.entities.EntityCollectionBuilder: built collection of 264505 entities with type EntityType[rating] and 2 indexes
19:18:08.099 DEBUG [main] org.lenskit.data.entities.EntityCollectionBuilder: built collection of 94875 entities with type EntityType[item-tag] and 2 indexes
19:18:08.100 DEBUG [main] org.lenskit.data.entities.EntityCollectionBuilder: built collection of 862 entities with type EntityType[user] and 2 indexes
19:18:08.215 INFO [main] org.lenskit.data.ratings.RatingSummaryProvider: summarized 2500 items with 264505 ratings
19:18:08.234 INFO [main] org.lenskit.mooc.svd.SVDModelBuilder: creating 862 by 2500 rating matrix
19:18:08.326 INFO [main] org.lenskit.mooc.svd.SVDModelBuilder: factorizing matrix
19:19:09.808 INFO [main] org.lenskit.mooc.svd.SVDModelBuilder: decomposed matrix has rank 861
19:19:09.811 INFO [main] org.lenskit.mooc.svd.SVDModelBuilder: truncating matrix to 25 features
19:19:09.813 DEBUG [main] org.lenskit.inject.RecommenderInstantiator: final graph has 16 nodes
19:19:09.814 INFO [main] org.lenskit.cli.util.RecommenderLoader: built recommender in 1.093 min
19:19:09.820 INFO [main] org.lenskit.cli.commands.Recommend: recommending for 1 users
19:19:09.824 DEBUG [main] org.lenskit.basic.TopNItemRecommender: computing effective candidates for user 320 from 2500 candidates and 62 excluded items
19:19:09.825 DEBUG [main] org.lenskit.basic.TopNItemRecommender: Computing 10 recommendations for user 320 from 2438 candidates
19:19:09.842 INFO [main] org.lenskit.cli.commands.Recommend: recommended for 1 users in 21.80 ms
19:19:09.842 INFO [main] org.lenskit.cli.Main: If you use LensKit in published research, please see http://lenskit.org/research/
